Using pre-set license
Built from '2020.3/staging' branch; Version is '2020.3.3f1 (76626098c1c4) revision 7758432'; Using compiler version '192528614'; Build Type 'Release'
OS: 'Windows 10 Home; OS build 19042.928; Version 2009; 64bit' Language: 'en' Physical Memory: 32353 MB
BatchMode: 1, IsHumanControllingUs: 0, StartBugReporterOnCrash: 0, Is64bit: 1, IsPro: 0

 COMMAND LINE ARGUMENTS:
C:\Program Files\2020.3.3f1\Editor\Unity.exe
-adb2
-batchMode
-noUpm
-name
AssetImportWorker0
-projectPath
C:/Users/aweto/OneDrive/Desktop/Blackhole-Escape-Sidescroller
-logFile
Logs/AssetImportWorker0.log
-srvPort
52634
Successfully changed project path to: C:/Users/aweto/OneDrive/Desktop/Blackhole-Escape-Sidescroller
C:/Users/aweto/OneDrive/Desktop/Blackhole-Escape-Sidescroller
Using Asset Import Pipeline V2.
Refreshing native plugins compatible for Editor in 91.14 ms, found 1 plugins.
Preloading 0 native plugins for Editor in 0.00 ms.
Initialize engine version: 2020.3.3f1 (76626098c1c4)
[Subsystems] Discovering subsystems at path C:/Program Files/2020.3.3f1/Editor/Data/Resources/UnitySubsystems
[Subsystems] Discovering subsystems at path C:/Users/aweto/OneDrive/Desktop/Blackhole-Escape-Sidescroller/Assets
GfxDevice: creating device client; threaded=0
Direct3D:
    Version:  Direct3D 11.0 [level 11.1]
    Renderer: NVIDIA GeForce GTX 1650 with Max-Q Design (ID=0x1f91)
    Vendor:   
    VRAM:     3964 MB
    Driver:   27.21.14.5257
Initialize mono
Mono path[0] = 'C:/Program Files/2020.3.3f1/Editor/Data/Managed'
Mono path[1] = 'C:/Program Files/2020.3.3f1/Editor/Data/MonoBleedingEdge/lib/mono/unityjit'
Mono config path = 'C:/Program Files/2020.3.3f1/Editor/Data/MonoBleedingEdge/etc'
Using monoOptions --debugger-agent=transport=dt_socket,embedding=1,server=y,suspend=n,address=127.0.0.1:56916
Begin MonoManager ReloadAssembly
Registering precompiled unity dll's ...
Register platform support module: C:/Program Files/2020.3.3f1/Editor/Data/PlaybackEngines/WindowsStandaloneSupport/UnityEditor.WindowsStandalone.Extensions.dll
Registered in 0.005985 seconds.
Native extension for WindowsStandalone target not found
Refreshing native plugins compatible for Editor in 123.67 ms, found 1 plugins.
Preloading 0 native plugins for Editor in 0.00 ms.
Invoked RoslynAnalysisRunner static constructor.
RoslynAnalysisRunner will not be running.
RoslynAnalysisRunner has terminated.
Mono: successfully reloaded assembly
- Completed reload, in  3.189 seconds
Platform modules already initialized, skipping
Registering precompiled user dll's ...
Registered in 0.003248 seconds.
Begin MonoManager ReloadAssembly
Native extension for WindowsStandalone target not found
Refreshing native plugins compatible for Editor in 118.29 ms, found 1 plugins.
Preloading 0 native plugins for Editor in 0.00 ms.
Invoked RoslynAnalysisRunner static constructor.
RoslynAnalysisRunner will not be running.
RoslynAnalysisRunner has terminated.
Mono: successfully reloaded assembly
- Completed reload, in  3.322 seconds
Platform modules already initialized, skipping
========================================================================
Worker process is ready to serve import requests
Launched and connected shader compiler UnityShaderCompiler.exe after 0.15 seconds
Refreshing native plugins compatible for Editor in 0.68 ms, found 1 plugins.
Preloading 0 native plugins for Editor in 0.00 ms.
Unloading 1815 Unused Serialized files (Serialized files now loaded: 0)
System memory in use before: 90.8 MB.
System memory in use after: 90.7 MB.

Unloading 24 unused Assets to reduce memory usage. Loaded Objects now: 2270.
Total: 3.770600 ms (FindLiveObjects: 0.264300 ms CreateObjectMapping: 0.113700 ms MarkObjects: 3.148800 ms  DeleteObjects: 0.241100 ms)

========================================================================
Received Import Request.
  path: Assets/Health.cs
  artifactKey: Guid(0794d2458ff160d43998c644d9af84ea) Importer(815301076,1909f56bfc062723c751e8b465ee728b)
Start importing Assets/Health.cs using Guid(0794d2458ff160d43998c644d9af84ea) Importer(815301076,1909f56bfc062723c751e8b465ee728b)  -> (artifact id: 'b39add238be486f5042807abb1d93287') in 0.084366 seconds
  Import took 0.104441 seconds .

========================================================================
Received Prepare
Registering precompiled user dll's ...
Registered in 0.001981 seconds.
Begin MonoManager ReloadAssembly
Native extension for WindowsStandalone target not found
Refreshing native plugins compatible for Editor in 1.23 ms, found 1 plugins.
Preloading 0 native plugins for Editor in 0.00 ms.
Invoked RoslynAnalysisRunner static constructor.
RoslynAnalysisRunner will not be running.
RoslynAnalysisRunner has terminated.
Mono: successfully reloaded assembly
- Completed reload, in  3.050 seconds
Platform modules already initialized, skipping
Refreshing native plugins compatible for Editor in 1.13 ms, found 1 plugins.
Preloading 0 native plugins for Editor in 0.00 ms.
Unloading 1809 Unused Serialized files (Serialized files now loaded: 0)
System memory in use before: 90.7 MB.
System memory in use after: 90.7 MB.

Unloading 13 unused Assets to reduce memory usage. Loaded Objects now: 2273.
Total: 7.022500 ms (FindLiveObjects: 0.349900 ms CreateObjectMapping: 0.144100 ms MarkObjects: 6.099400 ms  DeleteObjects: 0.426200 ms)

========================================================================
Received Prepare
Registering precompiled user dll's ...
Registered in 0.003000 seconds.
Begin MonoManager ReloadAssembly
Native extension for WindowsStandalone target not found
Refreshing native plugins compatible for Editor in 0.69 ms, found 1 plugins.
Preloading 0 native plugins for Editor in 0.00 ms.
Invoked RoslynAnalysisRunner static constructor.
RoslynAnalysisRunner will not be running.
RoslynAnalysisRunner has terminated.
Mono: successfully reloaded assembly
- Completed reload, in  2.402 seconds
Platform modules already initialized, skipping
Refreshing native plugins compatible for Editor in 0.74 ms, found 1 plugins.
Preloading 0 native plugins for Editor in 0.00 ms.
Unloading 1809 Unused Serialized files (Serialized files now loaded: 0)
System memory in use before: 90.8 MB.
System memory in use after: 90.7 MB.

Unloading 12 unused Assets to reduce memory usage. Loaded Objects now: 2277.
Total: 5.062000 ms (FindLiveObjects: 0.306600 ms CreateObjectMapping: 0.139900 ms MarkObjects: 4.357900 ms  DeleteObjects: 0.254200 ms)

========================================================================
Received Prepare
Registering precompiled user dll's ...
Registered in 0.002978 seconds.
Begin MonoManager ReloadAssembly
Native extension for WindowsStandalone target not found
Refreshing native plugins compatible for Editor in 1.30 ms, found 1 plugins.
Preloading 0 native plugins for Editor in 0.00 ms.
Invoked RoslynAnalysisRunner static constructor.
RoslynAnalysisRunner will not be running.
RoslynAnalysisRunner has terminated.
Mono: successfully reloaded assembly
- Completed reload, in  3.060 seconds
Platform modules already initialized, skipping
Refreshing native plugins compatible for Editor in 1.94 ms, found 1 plugins.
Preloading 0 native plugins for Editor in 0.00 ms.
Unloading 1809 Unused Serialized files (Serialized files now loaded: 0)
System memory in use before: 90.8 MB.
System memory in use after: 90.8 MB.

Unloading 12 unused Assets to reduce memory usage. Loaded Objects now: 2281.
Total: 7.892700 ms (FindLiveObjects: 0.448000 ms CreateObjectMapping: 0.220800 ms MarkObjects: 6.865900 ms  DeleteObjects: 0.352700 ms)

========================================================================
Received Prepare
Registering precompiled user dll's ...
Registered in 0.004621 seconds.
Begin MonoManager ReloadAssembly
Native extension for WindowsStandalone target not found
Refreshing native plugins compatible for Editor in 0.81 ms, found 1 plugins.
Preloading 0 native plugins for Editor in 0.00 ms.
Invoked RoslynAnalysisRunner static constructor.
RoslynAnalysisRunner will not be running.
RoslynAnalysisRunner has terminated.
Mono: successfully reloaded assembly
- Completed reload, in  2.818 seconds
Platform modules already initialized, skipping
Refreshing native plugins compatible for Editor in 0.76 ms, found 1 plugins.
Preloading 0 native plugins for Editor in 0.00 ms.
Unloading 1809 Unused Serialized files (Serialized files now loaded: 0)
System memory in use before: 90.8 MB.
System memory in use after: 90.8 MB.

Unloading 12 unused Assets to reduce memory usage. Loaded Objects now: 2285.
Total: 7.197300 ms (FindLiveObjects: 0.544000 ms CreateObjectMapping: 0.230400 ms MarkObjects: 6.170000 ms  DeleteObjects: 0.249100 ms)

========================================================================
Received Prepare
Registering precompiled user dll's ...
Registered in 0.003398 seconds.
Begin MonoManager ReloadAssembly
Native extension for WindowsStandalone target not found
Refreshing native plugins compatible for Editor in 0.90 ms, found 1 plugins.
Preloading 0 native plugins for Editor in 0.00 ms.
Invoked RoslynAnalysisRunner static constructor.
RoslynAnalysisRunner will not be running.
RoslynAnalysisRunner has terminated.
Mono: successfully reloaded assembly
- Completed reload, in  2.953 seconds
Platform modules already initialized, skipping
Refreshing native plugins compatible for Editor in 1.10 ms, found 1 plugins.
Preloading 0 native plugins for Editor in 0.00 ms.
Unloading 1809 Unused Serialized files (Serialized files now loaded: 0)
System memory in use before: 90.8 MB.
System memory in use after: 90.8 MB.

Unloading 12 unused Assets to reduce memory usage. Loaded Objects now: 2289.
Total: 5.120800 ms (FindLiveObjects: 0.565200 ms CreateObjectMapping: 0.293900 ms MarkObjects: 3.998300 ms  DeleteObjects: 0.260500 ms)

========================================================================
Received Prepare
Registering precompiled user dll's ...
Registered in 0.004215 seconds.
Begin MonoManager ReloadAssembly
Native extension for WindowsStandalone target not found
Refreshing native plugins compatible for Editor in 1.15 ms, found 1 plugins.
Preloading 0 native plugins for Editor in 0.00 ms.
Invoked RoslynAnalysisRunner static constructor.
RoslynAnalysisRunner will not be running.
RoslynAnalysisRunner has terminated.
Mono: successfully reloaded assembly
- Completed reload, in  2.720 seconds
Platform modules already initialized, skipping
Script error: OnTriggerEnter2D
This message parameter has to be of type: Collider2D
The message will be ignored.

Refreshing native plugins compatible for Editor in 1.00 ms, found 1 plugins.
Preloading 0 native plugins for Editor in 0.00 ms.
Unloading 1809 Unused Serialized files (Serialized files now loaded: 0)
System memory in use before: 90.9 MB.
System memory in use after: 90.9 MB.

Unloading 12 unused Assets to reduce memory usage. Loaded Objects now: 2293.
Total: 5.844000 ms (FindLiveObjects: 0.542400 ms CreateObjectMapping: 0.240500 ms MarkObjects: 4.803900 ms  DeleteObjects: 0.252800 ms)

========================================================================
Received Import Request.
  Time since last request: 252.756799 seconds.
  path: Assets/Prefabs/Asteroid.prefab
  artifactKey: Guid(0b094df6f4baec546ade0b4cad354e91) Importer(815301076,1909f56bfc062723c751e8b465ee728b)
Start importing Assets/Prefabs/Asteroid.prefab using Guid(0b094df6f4baec546ade0b4cad354e91) Importer(815301076,1909f56bfc062723c751e8b465ee728b)  -> (artifact id: '79fa08900cc6ac0de364ce1e12765772') in 0.277988 seconds
  Import took 0.294336 seconds .

========================================================================
Received Import Request.
  Time since last request: 0.000548 seconds.
  path: Assets/Prefabs/EnergyBall.prefab
  artifactKey: Guid(7a3441aae34533346803be51f501403c) Importer(815301076,1909f56bfc062723c751e8b465ee728b)
Start importing Assets/Prefabs/EnergyBall.prefab using Guid(7a3441aae34533346803be51f501403c) Importer(815301076,1909f56bfc062723c751e8b465ee728b)  -> (artifact id: '6ceb2ce7d76ee03fccdb6995a0a148c4') in 0.072833 seconds
  Import took 0.109238 seconds .

========================================================================
Received Import Request.
  Time since last request: 7.647196 seconds.
  path: Assets/Prefabs/Asteroid.prefab
  artifactKey: Guid(0b094df6f4baec546ade0b4cad354e91) Importer(815301076,1909f56bfc062723c751e8b465ee728b)
Start importing Assets/Prefabs/Asteroid.prefab using Guid(0b094df6f4baec546ade0b4cad354e91) Importer(815301076,1909f56bfc062723c751e8b465ee728b)  -> (artifact id: 'ef85da5ef8abda24df0d6b0e258774fb') in 0.032848 seconds
  Import took 0.050887 seconds .

========================================================================
Received Import Request.
  Time since last request: 10.870770 seconds.
  path: Assets/Prefabs/EnergyBall.prefab
  artifactKey: Guid(7a3441aae34533346803be51f501403c) Importer(815301076,1909f56bfc062723c751e8b465ee728b)
Start importing Assets/Prefabs/EnergyBall.prefab using Guid(7a3441aae34533346803be51f501403c) Importer(815301076,1909f56bfc062723c751e8b465ee728b)  -> (artifact id: 'f1bc686d2368114d9cc45fb17c4c3c39') in 0.028541 seconds
  Import took 0.038178 seconds .

========================================================================
Received Prepare
Registering precompiled user dll's ...
Registered in 0.002826 seconds.
Begin MonoManager ReloadAssembly
Native extension for WindowsStandalone target not found
Refreshing native plugins compatible for Editor in 0.77 ms, found 1 plugins.
Preloading 0 native plugins for Editor in 0.00 ms.
Invoked RoslynAnalysisRunner static constructor.
RoslynAnalysisRunner will not be running.
RoslynAnalysisRunner has terminated.
Mono: successfully reloaded assembly
- Completed reload, in  2.995 seconds
Platform modules already initialized, skipping
Script error: OnTriggerEnter2D
This message parameter has to be of type: Collider2D
The message will be ignored.

Refreshing native plugins compatible for Editor in 1.06 ms, found 1 plugins.
Preloading 0 native plugins for Editor in 0.00 ms.
Unloading 1809 Unused Serialized files (Serialized files now loaded: 0)
System memory in use before: 94.1 MB.
System memory in use after: 94.0 MB.

Unloading 12 unused Assets to reduce memory usage. Loaded Objects now: 2304.
Total: 4.524200 ms (FindLiveObjects: 0.359100 ms CreateObjectMapping: 0.156100 ms MarkObjects: 3.709800 ms  DeleteObjects: 0.296300 ms)

========================================================================
Received Prepare
Registering precompiled user dll's ...
Registered in 0.003174 seconds.
Begin MonoManager ReloadAssembly
Native extension for WindowsStandalone target not found
Refreshing native plugins compatible for Editor in 0.80 ms, found 1 plugins.
Preloading 0 native plugins for Editor in 0.00 ms.
Invoked RoslynAnalysisRunner static constructor.
RoslynAnalysisRunner will not be running.
RoslynAnalysisRunner has terminated.
Mono: successfully reloaded assembly
- Completed reload, in  2.558 seconds
Platform modules already initialized, skipping
Refreshing native plugins compatible for Editor in 0.87 ms, found 1 plugins.
Preloading 0 native plugins for Editor in 0.00 ms.
Unloading 1809 Unused Serialized files (Serialized files now loaded: 0)
System memory in use before: 94.1 MB.
System memory in use after: 94.0 MB.

Unloading 12 unused Assets to reduce memory usage. Loaded Objects now: 2308.
Total: 4.968500 ms (FindLiveObjects: 0.354700 ms CreateObjectMapping: 0.145800 ms MarkObjects: 4.201800 ms  DeleteObjects: 0.263600 ms)

========================================================================
Received Prepare
Registering precompiled user dll's ...
Registered in 0.002829 seconds.
Begin MonoManager ReloadAssembly
Native extension for WindowsStandalone target not found
Refreshing native plugins compatible for Editor in 0.71 ms, found 1 plugins.
Preloading 0 native plugins for Editor in 0.00 ms.
Invoked RoslynAnalysisRunner static constructor.
RoslynAnalysisRunner will not be running.
RoslynAnalysisRunner has terminated.
Mono: successfully reloaded assembly
- Completed reload, in  2.348 seconds
Platform modules already initialized, skipping
Refreshing native plugins compatible for Editor in 0.82 ms, found 1 plugins.
Preloading 0 native plugins for Editor in 0.00 ms.
Unloading 1809 Unused Serialized files (Serialized files now loaded: 0)
System memory in use before: 94.1 MB.
System memory in use after: 94.0 MB.

Unloading 12 unused Assets to reduce memory usage. Loaded Objects now: 2312.
Total: 5.197100 ms (FindLiveObjects: 0.336100 ms CreateObjectMapping: 0.142600 ms MarkObjects: 4.419000 ms  DeleteObjects: 0.296000 ms)

========================================================================
Received Prepare
Registering precompiled user dll's ...
Registered in 0.004181 seconds.
Begin MonoManager ReloadAssembly
Native extension for WindowsStandalone target not found
Refreshing native plugins compatible for Editor in 0.82 ms, found 1 plugins.
Preloading 0 native plugins for Editor in 0.00 ms.
Invoked RoslynAnalysisRunner static constructor.
RoslynAnalysisRunner will not be running.
RoslynAnalysisRunner has terminated.
Mono: successfully reloaded assembly
- Completed reload, in  2.850 seconds
Platform modules already initialized, skipping
Refreshing native plugins compatible for Editor in 1.05 ms, found 1 plugins.
Preloading 0 native plugins for Editor in 0.00 ms.
Unloading 1810 Unused Serialized files (Serialized files now loaded: 0)
System memory in use before: 94.1 MB.
System memory in use after: 94.1 MB.

Unloading 12 unused Assets to reduce memory usage. Loaded Objects now: 2317.
Total: 5.996100 ms (FindLiveObjects: 0.318600 ms CreateObjectMapping: 0.134000 ms MarkObjects: 5.266700 ms  DeleteObjects: 0.273600 ms)

========================================================================
Received Prepare
Registering precompiled user dll's ...
Registered in 0.004024 seconds.
Begin MonoManager ReloadAssembly
Native extension for WindowsStandalone target not found
Refreshing native plugins compatible for Editor in 0.80 ms, found 1 plugins.
Preloading 0 native plugins for Editor in 0.00 ms.
Invoked RoslynAnalysisRunner static constructor.
RoslynAnalysisRunner will not be running.
RoslynAnalysisRunner has terminated.
Mono: successfully reloaded assembly
- Completed reload, in  2.865 seconds
Platform modules already initialized, skipping
Refreshing native plugins compatible for Editor in 0.88 ms, found 1 plugins.
Preloading 0 native plugins for Editor in 0.00 ms.
Unloading 1810 Unused Serialized files (Serialized files now loaded: 0)
System memory in use before: 94.1 MB.
System memory in use after: 94.1 MB.

Unloading 12 unused Assets to reduce memory usage. Loaded Objects now: 2321.
Total: 5.726300 ms (FindLiveObjects: 0.612500 ms CreateObjectMapping: 0.299900 ms MarkObjects: 4.522100 ms  DeleteObjects: 0.287900 ms)

========================================================================
Received Prepare
Registering precompiled user dll's ...
Registered in 0.003669 seconds.
Begin MonoManager ReloadAssembly
Native extension for WindowsStandalone target not found
Refreshing native plugins compatible for Editor in 0.94 ms, found 1 plugins.
Preloading 0 native plugins for Editor in 0.00 ms.
Invoked RoslynAnalysisRunner static constructor.
RoslynAnalysisRunner will not be running.
RoslynAnalysisRunner has terminated.
Mono: successfully reloaded assembly
- Completed reload, in  2.847 seconds
Platform modules already initialized, skipping
Refreshing native plugins compatible for Editor in 0.94 ms, found 1 plugins.
Preloading 0 native plugins for Editor in 0.00 ms.
Unloading 1810 Unused Serialized files (Serialized files now loaded: 0)
System memory in use before: 94.1 MB.
System memory in use after: 94.1 MB.

Unloading 12 unused Assets to reduce memory usage. Loaded Objects now: 2325.
Total: 5.606400 ms (FindLiveObjects: 0.578900 ms CreateObjectMapping: 0.226500 ms MarkObjects: 4.489500 ms  DeleteObjects: 0.308000 ms)

========================================================================
Received Prepare
Registering precompiled user dll's ...
Registered in 0.004380 seconds.
Begin MonoManager ReloadAssembly
Native extension for WindowsStandalone target not found
Refreshing native plugins compatible for Editor in 0.62 ms, found 1 plugins.
Preloading 0 native plugins for Editor in 0.00 ms.
Invoked RoslynAnalysisRunner static constructor.
RoslynAnalysisRunner will not be running.
RoslynAnalysisRunner has terminated.
Mono: successfully reloaded assembly
- Completed reload, in  2.729 seconds
Platform modules already initialized, skipping
Refreshing native plugins compatible for Editor in 0.85 ms, found 1 plugins.
Preloading 0 native plugins for Editor in 0.00 ms.
Unloading 1810 Unused Serialized files (Serialized files now loaded: 0)
System memory in use before: 94.1 MB.
System memory in use after: 94.1 MB.

Unloading 12 unused Assets to reduce memory usage. Loaded Objects now: 2329.
Total: 5.096100 ms (FindLiveObjects: 0.477300 ms CreateObjectMapping: 0.194100 ms MarkObjects: 4.152500 ms  DeleteObjects: 0.269600 ms)

========================================================================
Received Import Request.
  Time since last request: 353.636479 seconds.
  path: Assets/Scripts/Health.cs
  artifactKey: Guid(0794d2458ff160d43998c644d9af84ea) Importer(815301076,1909f56bfc062723c751e8b465ee728b)
Start importing Assets/Scripts/Health.cs using Guid(0794d2458ff160d43998c644d9af84ea) Importer(815301076,1909f56bfc062723c751e8b465ee728b)  -> (artifact id: 'a75b8ac3e9066db72f5f67e138a7c641') in 0.024015 seconds
  Import took 0.041873 seconds .

========================================================================
Received Prepare
Registering precompiled user dll's ...
Registered in 0.006417 seconds.
Begin MonoManager ReloadAssembly
Native extension for WindowsStandalone target not found
Refreshing native plugins compatible for Editor in 0.78 ms, found 1 plugins.
Preloading 0 native plugins for Editor in 0.00 ms.
Invoked RoslynAnalysisRunner static constructor.
RoslynAnalysisRunner will not be running.
RoslynAnalysisRunner has terminated.
Mono: successfully reloaded assembly
- Completed reload, in  2.911 seconds
Platform modules already initialized, skipping
Refreshing native plugins compatible for Editor in 0.78 ms, found 1 plugins.
Preloading 0 native plugins for Editor in 0.00 ms.
Unloading 1810 Unused Serialized files (Serialized files now loaded: 0)
System memory in use before: 94.1 MB.
System memory in use after: 94.1 MB.

Unloading 12 unused Assets to reduce memory usage. Loaded Objects now: 2333.
Total: 8.261400 ms (FindLiveObjects: 0.530900 ms CreateObjectMapping: 0.328300 ms MarkObjects: 7.119100 ms  DeleteObjects: 0.279100 ms)

========================================================================
Received Prepare
Registering precompiled user dll's ...
Registered in 0.005053 seconds.
Begin MonoManager ReloadAssembly
Native extension for WindowsStandalone target not found
Refreshing native plugins compatible for Editor in 0.79 ms, found 1 plugins.
Preloading 0 native plugins for Editor in 0.00 ms.
Invoked RoslynAnalysisRunner static constructor.
RoslynAnalysisRunner will not be running.
RoslynAnalysisRunner has terminated.
Mono: successfully reloaded assembly
- Completed reload, in  2.720 seconds
Platform modules already initialized, skipping
Refreshing native plugins compatible for Editor in 0.73 ms, found 1 plugins.
Preloading 0 native plugins for Editor in 0.00 ms.
Unloading 1810 Unused Serialized files (Serialized files now loaded: 0)
System memory in use before: 94.1 MB.
System memory in use after: 94.1 MB.

Unloading 12 unused Assets to reduce memory usage. Loaded Objects now: 2337.
Total: 7.570800 ms (FindLiveObjects: 0.631400 ms CreateObjectMapping: 0.274700 ms MarkObjects: 6.230700 ms  DeleteObjects: 0.430000 ms)

========================================================================
Received Import Request.
  Time since last request: 30530.540225 seconds.
  path: Assets/Scripts/DestroyWhenOut.cs
  artifactKey: Guid(ff40ef355e0eb1346bfcb76b4b4b9374) Importer(815301076,1909f56bfc062723c751e8b465ee728b)
Start importing Assets/Scripts/DestroyWhenOut.cs using Guid(ff40ef355e0eb1346bfcb76b4b4b9374) Importer(815301076,1909f56bfc062723c751e8b465ee728b)  -> (artifact id: '06fbbed9935b0863a9c6813b97527d66') in 0.034337 seconds
  Import took 0.051855 seconds .

========================================================================
Received Prepare
Registering precompiled user dll's ...
Registered in 0.002357 seconds.
Begin MonoManager ReloadAssembly
Native extension for WindowsStandalone target not found
Refreshing native plugins compatible for Editor in 0.69 ms, found 1 plugins.
Preloading 0 native plugins for Editor in 0.00 ms.
Invoked RoslynAnalysisRunner static constructor.
RoslynAnalysisRunner will not be running.
RoslynAnalysisRunner has terminated.
Mono: successfully reloaded assembly
- Completed reload, in  2.356 seconds
Platform modules already initialized, skipping
Refreshing native plugins compatible for Editor in 0.76 ms, found 1 plugins.
Preloading 0 native plugins for Editor in 0.00 ms.
Unloading 1810 Unused Serialized files (Serialized files now loaded: 0)
System memory in use before: 94.1 MB.
System memory in use after: 94.1 MB.

Unloading 12 unused Assets to reduce memory usage. Loaded Objects now: 2341.
Total: 4.600200 ms (FindLiveObjects: 0.357200 ms CreateObjectMapping: 0.176400 ms MarkObjects: 3.778100 ms  DeleteObjects: 0.285700 ms)

========================================================================
Received Prepare
Registering precompiled user dll's ...
Registered in 0.002874 seconds.
Begin MonoManager ReloadAssembly
Native extension for WindowsStandalone target not found
Refreshing native plugins compatible for Editor in 0.83 ms, found 1 plugins.
Preloading 0 native plugins for Editor in 0.00 ms.
Invoked RoslynAnalysisRunner static constructor.
RoslynAnalysisRunner will not be running.
RoslynAnalysisRunner has terminated.
Mono: successfully reloaded assembly
- Completed reload, in  3.028 seconds
Platform modules already initialized, skipping
Refreshing native plugins compatible for Editor in 0.77 ms, found 1 plugins.
Preloading 0 native plugins for Editor in 0.00 ms.
Unloading 1810 Unused Serialized files (Serialized files now loaded: 0)
System memory in use before: 94.2 MB.
System memory in use after: 94.1 MB.

Unloading 12 unused Assets to reduce memory usage. Loaded Objects now: 2345.
Total: 8.037900 ms (FindLiveObjects: 0.441800 ms CreateObjectMapping: 0.152900 ms MarkObjects: 7.133500 ms  DeleteObjects: 0.306300 ms)

========================================================================
Received Prepare
Registering precompiled user dll's ...
Registered in 0.001718 seconds.
Begin MonoManager ReloadAssembly
Native extension for WindowsStandalone target not found
Refreshing native plugins compatible for Editor in 0.84 ms, found 1 plugins.
Preloading 0 native plugins for Editor in 0.00 ms.
Invoked RoslynAnalysisRunner static constructor.
RoslynAnalysisRunner will not be running.
RoslynAnalysisRunner has terminated.
Mono: successfully reloaded assembly
- Completed reload, in  2.847 seconds
Platform modules already initialized, skipping
Refreshing native plugins compatible for Editor in 1.11 ms, found 1 plugins.
Preloading 0 native plugins for Editor in 0.00 ms.
Unloading 1810 Unused Serialized files (Serialized files now loaded: 0)
System memory in use before: 94.2 MB.
System memory in use after: 94.1 MB.

Unloading 12 unused Assets to reduce memory usage. Loaded Objects now: 2349.
Total: 7.069100 ms (FindLiveObjects: 0.448500 ms CreateObjectMapping: 0.191100 ms MarkObjects: 6.202900 ms  DeleteObjects: 0.222600 ms)

========================================================================
Received Import Request.
  Time since last request: 504.031757 seconds.
  path: Assets/Prefabs/EnergyBall.prefab
  artifactKey: Guid(7a3441aae34533346803be51f501403c) Importer(815301076,1909f56bfc062723c751e8b465ee728b)
Start importing Assets/Prefabs/EnergyBall.prefab using Guid(7a3441aae34533346803be51f501403c) Importer(815301076,1909f56bfc062723c751e8b465ee728b)  -> (artifact id: '9473dd8c5029c16365a02effbe8d08f7') in 0.198958 seconds
  Import took 0.213167 seconds .

========================================================================
Received Import Request.
  Time since last request: 1.924938 seconds.
  path: Assets/Scripts/DestroyWhenOut.cs
  artifactKey: Guid(ff40ef355e0eb1346bfcb76b4b4b9374) Importer(815301076,1909f56bfc062723c751e8b465ee728b)
Start importing Assets/Scripts/DestroyWhenOut.cs using Guid(ff40ef355e0eb1346bfcb76b4b4b9374) Importer(815301076,1909f56bfc062723c751e8b465ee728b)  -> (artifact id: '73c530ac5fee0cc21df60c995bd94bee') in 0.007279 seconds
  Import took 0.025117 seconds .

========================================================================
Received Import Request.
  Time since last request: 0.047056 seconds.
  path: Assets/Scripts/DestroyWhenOut.cs
  artifactKey: Guid(ff40ef355e0eb1346bfcb76b4b4b9374) Importer(815301076,1909f56bfc062723c751e8b465ee728b)
Start importing Assets/Scripts/DestroyWhenOut.cs using Guid(ff40ef355e0eb1346bfcb76b4b4b9374) Importer(815301076,1909f56bfc062723c751e8b465ee728b)  -> (artifact id: '73c530ac5fee0cc21df60c995bd94bee') in 0.007402 seconds
  Import took 0.025646 seconds .

========================================================================
Received Prepare
Registering precompiled user dll's ...
Registered in 0.003233 seconds.
Begin MonoManager ReloadAssembly
Native extension for WindowsStandalone target not found
Refreshing native plugins compatible for Editor in 0.84 ms, found 1 plugins.
Preloading 0 native plugins for Editor in 0.00 ms.
Invoked RoslynAnalysisRunner static constructor.
RoslynAnalysisRunner will not be running.
RoslynAnalysisRunner has terminated.
Mono: successfully reloaded assembly
- Completed reload, in  2.802 seconds
Platform modules already initialized, skipping
Refreshing native plugins compatible for Editor in 0.82 ms, found 1 plugins.
Preloading 0 native plugins for Editor in 0.00 ms.
Unloading 1810 Unused Serialized files (Serialized files now loaded: 0)
System memory in use before: 94.2 MB.
System memory in use after: 94.2 MB.

Unloading 12 unused Assets to reduce memory usage. Loaded Objects now: 2354.
Total: 4.885200 ms (FindLiveObjects: 0.398200 ms CreateObjectMapping: 0.154800 ms MarkObjects: 4.069800 ms  DeleteObjects: 0.259700 ms)

========================================================================
Received Prepare
Registering precompiled user dll's ...
Registered in 0.003061 seconds.
Begin MonoManager ReloadAssembly
Native extension for WindowsStandalone target not found
Refreshing native plugins compatible for Editor in 0.72 ms, found 1 plugins.
Preloading 0 native plugins for Editor in 0.00 ms.
Invoked RoslynAnalysisRunner static constructor.
RoslynAnalysisRunner will not be running.
RoslynAnalysisRunner has terminated.
Mono: successfully reloaded assembly
- Completed reload, in  2.567 seconds
Platform modules already initialized, skipping
Refreshing native plugins compatible for Editor in 0.85 ms, found 1 plugins.
Preloading 0 native plugins for Editor in 0.00 ms.
Unloading 1810 Unused Serialized files (Serialized files now loaded: 0)
System memory in use before: 94.2 MB.
System memory in use after: 94.2 MB.

Unloading 12 unused Assets to reduce memory usage. Loaded Objects now: 2358.
Total: 5.429200 ms (FindLiveObjects: 0.456300 ms CreateObjectMapping: 0.234200 ms MarkObjects: 4.386600 ms  DeleteObjects: 0.330400 ms)

========================================================================
Received Import Request.
  Time since last request: 42449.308803 seconds.
  path: Assets/Prefabs/EnergyBall.prefab
  artifactKey: Guid(7a3441aae34533346803be51f501403c) Importer(815301076,1909f56bfc062723c751e8b465ee728b)
Start importing Assets/Prefabs/EnergyBall.prefab using Guid(7a3441aae34533346803be51f501403c) Importer(815301076,1909f56bfc062723c751e8b465ee728b)  -> (artifact id: '7b8a05f870306535a6bc35ca74745aa3') in 0.248125 seconds
  Import took 0.268222 seconds .

========================================================================
Received Import Request.
  Time since last request: 10.128828 seconds.
  path: ProjectSettings/TagManager.asset
  artifactKey: Guid(00000000000000003000000000000000) Importer(815301076,1909f56bfc062723c751e8b465ee728b)
Start importing ProjectSettings/TagManager.asset using Guid(00000000000000003000000000000000) Importer(815301076,1909f56bfc062723c751e8b465ee728b)  -> (artifact id: '7926352c2b74497d4f530fb2b4269961') in 0.085504 seconds
  Import took 0.099571 seconds .

========================================================================
Received Import Request.
  Time since last request: 17.366149 seconds.
  path: Assets/Prefabs/Asteroid.prefab
  artifactKey: Guid(0b094df6f4baec546ade0b4cad354e91) Importer(815301076,1909f56bfc062723c751e8b465ee728b)
Start importing Assets/Prefabs/Asteroid.prefab using Guid(0b094df6f4baec546ade0b4cad354e91) Importer(815301076,1909f56bfc062723c751e8b465ee728b)  -> (artifact id: '5e41d1a880d53382fb5783b12ced2a60') in 0.049051 seconds
  Import took 0.059563 seconds .

========================================================================
Received Import Request.
  Time since last request: 4.624440 seconds.
  path: Assets/Prefabs/Spaceship.prefab
  artifactKey: Guid(8b1a41f77830fa249b4af30cbedc63f7) Importer(815301076,1909f56bfc062723c751e8b465ee728b)
Start importing Assets/Prefabs/Spaceship.prefab using Guid(8b1a41f77830fa249b4af30cbedc63f7) Importer(815301076,1909f56bfc062723c751e8b465ee728b)  -> (artifact id: '7d4ec6065afd803bb03865ab14450526') in 0.044464 seconds
  Import took 0.056046 seconds .

========================================================================
Received Prepare
Registering precompiled user dll's ...
Registered in 0.003452 seconds.
Begin MonoManager ReloadAssembly
Native extension for WindowsStandalone target not found
Refreshing native plugins compatible for Editor in 1.04 ms, found 1 plugins.
Preloading 0 native plugins for Editor in 0.00 ms.
Invoked RoslynAnalysisRunner static constructor.
RoslynAnalysisRunner will not be running.
RoslynAnalysisRunner has terminated.
Mono: successfully reloaded assembly
- Completed reload, in  3.065 seconds
Platform modules already initialized, skipping
Refreshing native plugins compatible for Editor in 1.14 ms, found 1 plugins.
Preloading 0 native plugins for Editor in 0.00 ms.
Unloading 1810 Unused Serialized files (Serialized files now loaded: 0)
System memory in use before: 94.2 MB.
System memory in use after: 94.2 MB.

Unloading 13 unused Assets to reduce memory usage. Loaded Objects now: 2363.
Total: 6.964300 ms (FindLiveObjects: 0.428000 ms CreateObjectMapping: 0.155900 ms MarkObjects: 5.943600 ms  DeleteObjects: 0.433500 ms)

========================================================================
Received Import Request.
  Time since last request: 255.706299 seconds.
  path: Assets/Scripts/Health.cs
  artifactKey: Guid(0794d2458ff160d43998c644d9af84ea) Importer(815301076,1909f56bfc062723c751e8b465ee728b)
Start importing Assets/Scripts/Health.cs using Guid(0794d2458ff160d43998c644d9af84ea) Importer(815301076,1909f56bfc062723c751e8b465ee728b)  -> (artifact id: 'd8a271568dd8fa51d800a6ee422c0bd8') in 0.040263 seconds
  Import took 0.058045 seconds .

========================================================================
Received Import Request.
  Time since last request: 6.344068 seconds.
  path: Assets/Scripts/NewBehaviourScript.cs
  artifactKey: Guid(78df1148db66d954885d235513423730) Importer(815301076,1909f56bfc062723c751e8b465ee728b)
Start importing Assets/Scripts/NewBehaviourScript.cs using Guid(78df1148db66d954885d235513423730) Importer(815301076,1909f56bfc062723c751e8b465ee728b)  -> (artifact id: '05aa946429b808e25c2e20a3e11ecb30') in 0.020131 seconds
  Import took 0.037304 seconds .

========================================================================
Received Prepare
Registering precompiled user dll's ...
Registered in 0.002463 seconds.
Begin MonoManager ReloadAssembly
Native extension for WindowsStandalone target not found
Refreshing native plugins compatible for Editor in 0.71 ms, found 1 plugins.
Preloading 0 native plugins for Editor in 0.00 ms.
Invoked RoslynAnalysisRunner static constructor.
RoslynAnalysisRunner will not be running.
RoslynAnalysisRunner has terminated.
Mono: successfully reloaded assembly
- Completed reload, in  2.898 seconds
Platform modules already initialized, skipping
Refreshing native plugins compatible for Editor in 0.90 ms, found 1 plugins.
Preloading 0 native plugins for Editor in 0.00 ms.
Unloading 1811 Unused Serialized files (Serialized files now loaded: 0)
System memory in use before: 94.2 MB.
System memory in use after: 94.2 MB.

Unloading 12 unused Assets to reduce memory usage. Loaded Objects now: 2368.
Total: 4.976500 ms (FindLiveObjects: 0.355400 ms CreateObjectMapping: 0.152700 ms MarkObjects: 4.207100 ms  DeleteObjects: 0.258000 ms)

========================================================================
Received Import Request.
  Time since last request: 13.216230 seconds.
  path: Assets/Scripts/CollisionHandler.cs
  artifactKey: Guid(78df1148db66d954885d235513423730) Importer(815301076,1909f56bfc062723c751e8b465ee728b)
Start importing Assets/Scripts/CollisionHandler.cs using Guid(78df1148db66d954885d235513423730) Importer(815301076,1909f56bfc062723c751e8b465ee728b)  -> (artifact id: '45d828b51e28ec180d5a4496fbdf32f6') in 0.028589 seconds
  Import took 0.044753 seconds .

========================================================================
Received Prepare
Registering precompiled user dll's ...
Registered in 0.002872 seconds.
Begin MonoManager ReloadAssembly
Native extension for WindowsStandalone target not found
Refreshing native plugins compatible for Editor in 0.85 ms, found 1 plugins.
Preloading 0 native plugins for Editor in 0.00 ms.
Invoked RoslynAnalysisRunner static constructor.
RoslynAnalysisRunner will not be running.
RoslynAnalysisRunner has terminated.
Mono: successfully reloaded assembly
- Completed reload, in  3.263 seconds
Platform modules already initialized, skipping
Refreshing native plugins compatible for Editor in 0.71 ms, found 1 plugins.
Preloading 0 native plugins for Editor in 0.00 ms.
Unloading 1811 Unused Serialized files (Serialized files now loaded: 0)
System memory in use before: 94.3 MB.
System memory in use after: 94.2 MB.

Unloading 12 unused Assets to reduce memory usage. Loaded Objects now: 2372.
Total: 6.834600 ms (FindLiveObjects: 0.672300 ms CreateObjectMapping: 0.264100 ms MarkObjects: 5.541300 ms  DeleteObjects: 0.352600 ms)

========================================================================
Received Prepare
Registering precompiled user dll's ...
Registered in 0.002945 seconds.
Begin MonoManager ReloadAssembly
Native extension for WindowsStandalone target not found
Refreshing native plugins compatible for Editor in 0.82 ms, found 1 plugins.
Preloading 0 native plugins for Editor in 0.00 ms.
Invoked RoslynAnalysisRunner static constructor.
RoslynAnalysisRunner will not be running.
RoslynAnalysisRunner has terminated.
Mono: successfully reloaded assembly
- Completed reload, in  2.751 seconds
Platform modules already initialized, skipping
Refreshing native plugins compatible for Editor in 0.86 ms, found 1 plugins.
Preloading 0 native plugins for Editor in 0.00 ms.
Unloading 1811 Unused Serialized files (Serialized files now loaded: 0)
System memory in use before: 94.3 MB.
System memory in use after: 94.2 MB.

Unloading 12 unused Assets to reduce memory usage. Loaded Objects now: 2376.
Total: 8.980500 ms (FindLiveObjects: 0.718200 ms CreateObjectMapping: 0.296200 ms MarkObjects: 7.646500 ms  DeleteObjects: 0.313800 ms)

========================================================================
Received Import Request.
  Time since last request: 746.149848 seconds.
  path: Assets/Scripts/CollisionHandler.cs
  artifactKey: Guid(78df1148db66d954885d235513423730) Importer(815301076,1909f56bfc062723c751e8b465ee728b)
Start importing Assets/Scripts/CollisionHandler.cs using Guid(78df1148db66d954885d235513423730) Importer(815301076,1909f56bfc062723c751e8b465ee728b)  -> (artifact id: '6bfe0ff678696db69758db43822a88a0') in 0.013990 seconds
  Import took 0.032475 seconds .

========================================================================
Received Prepare
Registering precompiled user dll's ...
Registered in 0.002400 seconds.
Begin MonoManager ReloadAssembly
Native extension for WindowsStandalone target not found
Refreshing native plugins compatible for Editor in 0.80 ms, found 1 plugins.
Preloading 0 native plugins for Editor in 0.00 ms.
Invoked RoslynAnalysisRunner static constructor.
RoslynAnalysisRunner will not be running.
RoslynAnalysisRunner has terminated.
Mono: successfully reloaded assembly
- Completed reload, in  2.737 seconds
Platform modules already initialized, skipping
Refreshing native plugins compatible for Editor in 0.72 ms, found 1 plugins.
Preloading 0 native plugins for Editor in 0.00 ms.
Unloading 1812 Unused Serialized files (Serialized files now loaded: 0)
System memory in use before: 94.3 MB.
System memory in use after: 94.3 MB.

Unloading 12 unused Assets to reduce memory usage. Loaded Objects now: 2381.
Total: 4.662200 ms (FindLiveObjects: 0.370400 ms CreateObjectMapping: 0.179100 ms MarkObjects: 3.808600 ms  DeleteObjects: 0.300500 ms)

========================================================================
Received Prepare
Registering precompiled user dll's ...
Registered in 0.001070 seconds.
Begin MonoManager ReloadAssembly
Native extension for WindowsStandalone target not found
Refreshing native plugins compatible for Editor in 0.50 ms, found 1 plugins.
Preloading 0 native plugins for Editor in 0.00 ms.
Invoked RoslynAnalysisRunner static constructor.
RoslynAnalysisRunner will not be running.
RoslynAnalysisRunner has terminated.
Mono: successfully reloaded assembly
- Completed reload, in  1.041 seconds
Platform modules already initialized, skipping
Refreshing native plugins compatible for Editor in 0.44 ms, found 1 plugins.
Preloading 0 native plugins for Editor in 0.00 ms.
Unloading 1812 Unused Serialized files (Serialized files now loaded: 0)
System memory in use before: 94.3 MB.
System memory in use after: 94.3 MB.

Unloading 12 unused Assets to reduce memory usage. Loaded Objects now: 2385.
Total: 2.725600 ms (FindLiveObjects: 0.177600 ms CreateObjectMapping: 0.052900 ms MarkObjects: 2.331000 ms  DeleteObjects: 0.162900 ms)

========================================================================
Received Prepare
Registering precompiled user dll's ...
Registered in 0.019229 seconds.
Begin MonoManager ReloadAssembly
Native extension for WindowsStandalone target not found
Refreshing native plugins compatible for Editor in 0.34 ms, found 1 plugins.
Preloading 0 native plugins for Editor in 0.00 ms.
Invoked RoslynAnalysisRunner static constructor.
RoslynAnalysisRunner will not be running.
RoslynAnalysisRunner has terminated.
Mono: successfully reloaded assembly
- Completed reload, in  1.046 seconds
Platform modules already initialized, skipping
Refreshing native plugins compatible for Editor in 0.44 ms, found 1 plugins.
Preloading 0 native plugins for Editor in 0.00 ms.
Unloading 1812 Unused Serialized files (Serialized files now loaded: 0)
System memory in use before: 94.3 MB.
System memory in use after: 94.3 MB.

Unloading 12 unused Assets to reduce memory usage. Loaded Objects now: 2389.
Total: 2.183000 ms (FindLiveObjects: 0.202600 ms CreateObjectMapping: 0.059900 ms MarkObjects: 1.741300 ms  DeleteObjects: 0.177300 ms)

========================================================================
Received Import Request.
  Time since last request: 1961.280690 seconds.
  path: Assets/Scripts/EnergyBallEventHandler.cs
  artifactKey: Guid(74fc179dcbe87e84e819cc5c128329fc) Importer(815301076,1909f56bfc062723c751e8b465ee728b)
Start importing Assets/Scripts/EnergyBallEventHandler.cs using Guid(74fc179dcbe87e84e819cc5c128329fc) Importer(815301076,1909f56bfc062723c751e8b465ee728b)  -> (artifact id: 'd34f8d8bb51e480cb515acb33c0a8163') in 0.013887 seconds
  Import took 0.020427 seconds .

========================================================================
Received Import Request.
  Time since last request: 0.002533 seconds.
  path: Assets/Scripts/EnergyBallEventHandler.cs
  artifactKey: Guid(74fc179dcbe87e84e819cc5c128329fc) Importer(815301076,1909f56bfc062723c751e8b465ee728b)
Start importing Assets/Scripts/EnergyBallEventHandler.cs using Guid(74fc179dcbe87e84e819cc5c128329fc) Importer(815301076,1909f56bfc062723c751e8b465ee728b)  -> (artifact id: 'd34f8d8bb51e480cb515acb33c0a8163') in 0.004377 seconds
  Import took 0.011817 seconds .

========================================================================
Received Import Request.
  Time since last request: 48.568232 seconds.
  path: Assets/Scripts/CollisionHandler.cs
  artifactKey: Guid(78df1148db66d954885d235513423730) Importer(815301076,1909f56bfc062723c751e8b465ee728b)
Start importing Assets/Scripts/CollisionHandler.cs using Guid(78df1148db66d954885d235513423730) Importer(815301076,1909f56bfc062723c751e8b465ee728b)  -> (artifact id: '789b071209e24da295179f9afe68d4e7') in 0.003743 seconds
  Import took 0.012685 seconds .

========================================================================
Received Import Request.
  Time since last request: 0.006475 seconds.
  path: Assets/Scripts/CollisionHandler.cs
  artifactKey: Guid(78df1148db66d954885d235513423730) Importer(815301076,1909f56bfc062723c751e8b465ee728b)
Start importing Assets/Scripts/CollisionHandler.cs using Guid(78df1148db66d954885d235513423730) Importer(815301076,1909f56bfc062723c751e8b465ee728b)  -> (artifact id: '789b071209e24da295179f9afe68d4e7') in 0.004682 seconds
  Import took 0.011926 seconds .

========================================================================
Received Prepare
Registering precompiled user dll's ...
Registered in 0.000992 seconds.
Begin MonoManager ReloadAssembly
Native extension for WindowsStandalone target not found
Refreshing native plugins compatible for Editor in 0.39 ms, found 1 plugins.
Preloading 0 native plugins for Editor in 0.00 ms.
Invoked RoslynAnalysisRunner static constructor.
RoslynAnalysisRunner will not be running.
RoslynAnalysisRunner has terminated.
Mono: successfully reloaded assembly
- Completed reload, in  1.008 seconds
Platform modules already initialized, skipping
Refreshing native plugins compatible for Editor in 0.32 ms, found 1 plugins.
Preloading 0 native plugins for Editor in 0.00 ms.
Unloading 1811 Unused Serialized files (Serialized files now loaded: 0)
System memory in use before: 94.3 MB.
System memory in use after: 94.3 MB.

Unloading 13 unused Assets to reduce memory usage. Loaded Objects now: 2392.
Total: 2.830300 ms (FindLiveObjects: 0.369000 ms CreateObjectMapping: 0.174700 ms MarkObjects: 2.164900 ms  DeleteObjects: 0.120500 ms)

========================================================================
Received Import Request.
  Time since last request: 23.767140 seconds.
  path: Assets/Scripts/GravityUpdater.cs
  artifactKey: Guid(1e7febe031060e44f91b0846e5b3953b) Importer(815301076,1909f56bfc062723c751e8b465ee728b)
Start importing Assets/Scripts/GravityUpdater.cs using Guid(1e7febe031060e44f91b0846e5b3953b) Importer(815301076,1909f56bfc062723c751e8b465ee728b)  -> (artifact id: 'eb71bdbbcbf85615bcb14e077814aab9') in 0.011396 seconds
  Import took 0.017192 seconds .

========================================================================
Received Import Request.
  Time since last request: 0.022043 seconds.
  path: Assets/Scripts/GravityUpdater.cs
  artifactKey: Guid(1e7febe031060e44f91b0846e5b3953b) Importer(815301076,1909f56bfc062723c751e8b465ee728b)
Start importing Assets/Scripts/GravityUpdater.cs using Guid(1e7febe031060e44f91b0846e5b3953b) Importer(815301076,1909f56bfc062723c751e8b465ee728b)  -> (artifact id: 'eb71bdbbcbf85615bcb14e077814aab9') in 0.002641 seconds
  Import took 0.008647 seconds .

========================================================================
Received Prepare
Registering precompiled user dll's ...
Registered in 0.000991 seconds.
Begin MonoManager ReloadAssembly
Native extension for WindowsStandalone target not found
Refreshing native plugins compatible for Editor in 0.30 ms, found 1 plugins.
Preloading 0 native plugins for Editor in 0.00 ms.
Invoked RoslynAnalysisRunner static constructor.
RoslynAnalysisRunner will not be running.
RoslynAnalysisRunner has terminated.
Mono: successfully reloaded assembly
- Completed reload, in  0.887 seconds
Platform modules already initialized, skipping
Refreshing native plugins compatible for Editor in 0.31 ms, found 1 plugins.
Preloading 0 native plugins for Editor in 0.00 ms.
Unloading 1811 Unused Serialized files (Serialized files now loaded: 0)
System memory in use before: 94.3 MB.
System memory in use after: 94.3 MB.

Unloading 12 unused Assets to reduce memory usage. Loaded Objects now: 2396.
Total: 2.422600 ms (FindLiveObjects: 0.199800 ms CreateObjectMapping: 0.077700 ms MarkObjects: 1.998300 ms  DeleteObjects: 0.145600 ms)

========================================================================
Received Import Request.
  Time since last request: 36.420339 seconds.
  path: Assets/Scripts/Health.cs
  artifactKey: Guid(0794d2458ff160d43998c644d9af84ea) Importer(815301076,1909f56bfc062723c751e8b465ee728b)
Start importing Assets/Scripts/Health.cs using Guid(0794d2458ff160d43998c644d9af84ea) Importer(815301076,1909f56bfc062723c751e8b465ee728b)  -> (artifact id: '9e35031f6fd99355393f0467dc9161c0') in 0.005026 seconds
  Import took 0.010066 seconds .

========================================================================
Received Import Request.
  Time since last request: 6.846623 seconds.
  path: Assets/Scripts/EnemyShip.cs
  artifactKey: Guid(dc36cd5f040431041bde5b3ebbab2706) Importer(815301076,1909f56bfc062723c751e8b465ee728b)
Start importing Assets/Scripts/EnemyShip.cs using Guid(dc36cd5f040431041bde5b3ebbab2706) Importer(815301076,1909f56bfc062723c751e8b465ee728b)  -> (artifact id: '9043a19089166ea1447e272de8b932d0') in 0.017338 seconds
  Import took 0.026658 seconds .

========================================================================
Received Import Request.
  Time since last request: 1.071711 seconds.
  path: Assets/Scripts/EnemySpawner.cs
  artifactKey: Guid(599d09e5a6d525b4ca0779e30ca6a2c5) Importer(815301076,1909f56bfc062723c751e8b465ee728b)
Start importing Assets/Scripts/EnemySpawner.cs using Guid(599d09e5a6d525b4ca0779e30ca6a2c5) Importer(815301076,1909f56bfc062723c751e8b465ee728b)  -> (artifact id: '51e8fd8da463b40e50823f935e0883f4') in 0.007415 seconds
  Import took 0.013166 seconds .

========================================================================
Received Import Request.
  Time since last request: 0.030826 seconds.
  path: Assets/Scripts/EnemySpawner.cs
  artifactKey: Guid(599d09e5a6d525b4ca0779e30ca6a2c5) Importer(815301076,1909f56bfc062723c751e8b465ee728b)
Start importing Assets/Scripts/EnemySpawner.cs using Guid(599d09e5a6d525b4ca0779e30ca6a2c5) Importer(815301076,1909f56bfc062723c751e8b465ee728b)  -> (artifact id: '51e8fd8da463b40e50823f935e0883f4') in 0.002904 seconds
  Import took 0.010793 seconds .

========================================================================
Received Import Request.
  Time since last request: 1.916651 seconds.
  path: Assets/Scripts/Gravity.cs
  artifactKey: Guid(bd704e5c49dc87b4caf8dc3092a0b2e5) Importer(815301076,1909f56bfc062723c751e8b465ee728b)
Start importing Assets/Scripts/Gravity.cs using Guid(bd704e5c49dc87b4caf8dc3092a0b2e5) Importer(815301076,1909f56bfc062723c751e8b465ee728b)  -> (artifact id: 'e41a2b4ad8fa0baa4771a6458f51bb51') in 0.008165 seconds
  Import took 0.014091 seconds .

========================================================================
Received Import Request.
  Time since last request: 0.002828 seconds.
  path: Assets/Scripts/Gravity.cs
  artifactKey: Guid(bd704e5c49dc87b4caf8dc3092a0b2e5) Importer(815301076,1909f56bfc062723c751e8b465ee728b)
Start importing Assets/Scripts/Gravity.cs using Guid(bd704e5c49dc87b4caf8dc3092a0b2e5) Importer(815301076,1909f56bfc062723c751e8b465ee728b)  -> (artifact id: 'e41a2b4ad8fa0baa4771a6458f51bb51') in 0.003239 seconds
  Import took 0.010101 seconds .

========================================================================
Received Import Request.
  Time since last request: 0.600473 seconds.
  path: Assets/Scripts/Mover.cs
  artifactKey: Guid(5a7ba3c5b30adb642a2875f4e3800f5b) Importer(815301076,1909f56bfc062723c751e8b465ee728b)
Start importing Assets/Scripts/Mover.cs using Guid(5a7ba3c5b30adb642a2875f4e3800f5b) Importer(815301076,1909f56bfc062723c751e8b465ee728b)  -> (artifact id: 'd830d1a4e7f2535af41b76736eecb36d') in 0.011359 seconds
  Import took 0.019506 seconds .

========================================================================
Received Import Request.
  Time since last request: 0.005373 seconds.
  path: Assets/Scripts/Mover.cs
  artifactKey: Guid(5a7ba3c5b30adb642a2875f4e3800f5b) Importer(815301076,1909f56bfc062723c751e8b465ee728b)
Start importing Assets/Scripts/Mover.cs using Guid(5a7ba3c5b30adb642a2875f4e3800f5b) Importer(815301076,1909f56bfc062723c751e8b465ee728b)  -> (artifact id: 'd830d1a4e7f2535af41b76736eecb36d') in 0.002844 seconds
  Import took 0.009584 seconds .

========================================================================
Received Import Request.
  Time since last request: 6.859661 seconds.
  path: Assets/Scripts/CollisionEvents.cs
  artifactKey: Guid(cf2b439148c4af24e8e2cba48e7f8de2) Importer(815301076,1909f56bfc062723c751e8b465ee728b)
Start importing Assets/Scripts/CollisionEvents.cs using Guid(cf2b439148c4af24e8e2cba48e7f8de2) Importer(815301076,1909f56bfc062723c751e8b465ee728b)  -> (artifact id: 'd336c193d16b535f55fb55310913dd16') in 0.010929 seconds
  Import took 0.019457 seconds .

========================================================================
Received Prepare
Registering precompiled user dll's ...
Registered in 0.001277 seconds.
Begin MonoManager ReloadAssembly
Native extension for WindowsStandalone target not found
Refreshing native plugins compatible for Editor in 0.45 ms, found 1 plugins.
Preloading 0 native plugins for Editor in 0.00 ms.
Invoked RoslynAnalysisRunner static constructor.
RoslynAnalysisRunner will not be running.
RoslynAnalysisRunner has terminated.
Mono: successfully reloaded assembly
- Completed reload, in  0.985 seconds
Platform modules already initialized, skipping
Refreshing native plugins compatible for Editor in 0.45 ms, found 1 plugins.
Preloading 0 native plugins for Editor in 0.00 ms.
Unloading 1812 Unused Serialized files (Serialized files now loaded: 0)
System memory in use before: 94.3 MB.
System memory in use after: 94.3 MB.

Unloading 12 unused Assets to reduce memory usage. Loaded Objects now: 2401.
Total: 3.272500 ms (FindLiveObjects: 0.218300 ms CreateObjectMapping: 0.071900 ms MarkObjects: 2.778200 ms  DeleteObjects: 0.201600 ms)

========================================================================
Received Prepare
Registering precompiled user dll's ...
Registered in 0.001230 seconds.
Begin MonoManager ReloadAssembly
Native extension for WindowsStandalone target not found
Refreshing native plugins compatible for Editor in 0.60 ms, found 1 plugins.
Preloading 0 native plugins for Editor in 0.00 ms.
Invoked RoslynAnalysisRunner static constructor.
RoslynAnalysisRunner will not be running.
RoslynAnalysisRunner has terminated.
Mono: successfully reloaded assembly
- Completed reload, in  0.969 seconds
Platform modules already initialized, skipping
Refreshing native plugins compatible for Editor in 0.31 ms, found 1 plugins.
Preloading 0 native plugins for Editor in 0.00 ms.
Unloading 1812 Unused Serialized files (Serialized files now loaded: 0)
System memory in use before: 94.3 MB.
System memory in use after: 94.3 MB.

Unloading 12 unused Assets to reduce memory usage. Loaded Objects now: 2405.
Total: 2.185500 ms (FindLiveObjects: 0.248900 ms CreateObjectMapping: 0.093500 ms MarkObjects: 1.720500 ms  DeleteObjects: 0.121300 ms)

========================================================================
Received Import Request.
  Time since last request: 764.447687 seconds.
  path: Assets/Scripts/CollisionEvents.cs
  artifactKey: Guid(cf2b439148c4af24e8e2cba48e7f8de2) Importer(815301076,1909f56bfc062723c751e8b465ee728b)
Start importing Assets/Scripts/CollisionEvents.cs using Guid(cf2b439148c4af24e8e2cba48e7f8de2) Importer(815301076,1909f56bfc062723c751e8b465ee728b)  -> (artifact id: '4acdc2561e00e3b20fb6e16c406536e8') in 0.015482 seconds
  Import took 0.027033 seconds .

AssetImportWorkerClient::OnTransportError - code=2 error=End of file
